2023-12-23 16:13:16 -Starting AppServiceApplication on hcj with PID 18716 (D:\Idea\InstantMessagingSystem\l-im-app-server\target\classes started by hcj in D:\Idea\InstantMessagingSystem\l-im-app-server)
2023-12-23 16:13:16 -The following profiles are active: dev
2023-12-23 16:13:17 -Tomcat initialized with port(s): 8989 (http)
2023-12-23 16:13:17 -Initializing ProtocolHandler ["http-nio-8989"]
2023-12-23 16:13:17 -Starting service [Tomcat]
2023-12-23 16:13:17 -Starting Servlet engine: [Apache Tomcat/9.0.37]
2023-12-23 16:13:17 -An older version [1.2.16] of the Apache Tomcat Native library is installed, while Tomcat recommends a minimum version of [1.2.23]
2023-12-23 16:13:17 -Loaded Apache Tomcat Native library [1.2.16] using APR version [1.6.3].
2023-12-23 16:13:17 -APR capabilities: IPv6 [true], sendfile [true], accept filters [false], random [true].
2023-12-23 16:13:17 -APR/OpenSSL configuration: useAprConnector [false], useOpenSSL [true]
2023-12-23 16:13:18 -OpenSSL successfully initialized [OpenSSL 1.0.2m  2 Nov 2017]
2023-12-23 16:13:18 -Initializing Spring embedded WebApplicationContext
2023-12-23 16:13:18 -Root WebApplicationContext: initialization completed in 2252 ms
2023-12-23 16:13:21 -Initializing ExecutorService 'applicationTaskExecutor'
2023-12-23 16:13:21 -Starting ProtocolHandler ["http-nio-8989"]
2023-12-23 16:13:21 -Tomcat started on port(s): 8989 (http) with context path ''
2023-12-23 16:13:21 -Started AppServiceApplication in 6.156 seconds (JVM running for 9.512)
2023-12-23 16:50:45 -Initializing Spring DispatcherServlet 'dispatcherServlet'
2023-12-23 16:50:45 -Initializing Servlet 'dispatcherServlet'
2023-12-23 16:50:45 -Completed initialization in 34 ms
2023-12-23 16:50:45 -10000收到user.modify.after回调数据：{"appId":10000,"userId":"lld"}
