2024-01-05 20:48:52 -Starting AppServiceApplication on hcj with PID 31496 (D:\Idea\InstantMessagingSystem\l-im-app-server\target\classes started by hcj in D:\Idea\InstantMessagingSystem\l-im-app-server)
2024-01-05 20:48:52 -The following profiles are active: dev
2024-01-05 20:48:53 -Starting AppServiceApplication on hcj with PID 31308 (D:\Idea\InstantMessagingSystem\l-im-app-server\target\classes started by hcj in D:\Idea\InstantMessagingSystem\l-im-app-server)
2024-01-05 20:48:53 -The following profiles are active: dev
2024-01-05 20:48:54 -Tomcat initialized with port(s): 8989 (http)
2024-01-05 20:48:54 -Initializing ProtocolHandler ["http-nio-8989"]
2024-01-05 20:48:54 -Starting service [Tomcat]
2024-01-05 20:48:54 -Starting Servlet engine: [Apache Tomcat/9.0.37]
2024-01-05 20:48:54 -An older version [1.2.16] of the Apache Tomcat Native library is installed, while Tomcat recommends a minimum version of [1.2.23]
2024-01-05 20:48:54 -Loaded Apache Tomcat Native library [1.2.16] using APR version [1.6.3].
2024-01-05 20:48:54 -APR capabilities: IPv6 [true], sendfile [true], accept filters [false], random [true].
2024-01-05 20:48:54 -APR/OpenSSL configuration: useAprConnector [false], useOpenSSL [true]
2024-01-05 20:48:54 -Tomcat initialized with port(s): 8989 (http)
2024-01-05 20:48:54 -Initializing ProtocolHandler ["http-nio-8989"]
2024-01-05 20:48:54 -Starting service [Tomcat]
2024-01-05 20:48:54 -Starting Servlet engine: [Apache Tomcat/9.0.37]
2024-01-05 20:48:54 -An older version [1.2.16] of the Apache Tomcat Native library is installed, while Tomcat recommends a minimum version of [1.2.23]
2024-01-05 20:48:54 -Loaded Apache Tomcat Native library [1.2.16] using APR version [1.6.3].
2024-01-05 20:48:54 -APR capabilities: IPv6 [true], sendfile [true], accept filters [false], random [true].
2024-01-05 20:48:54 -APR/OpenSSL configuration: useAprConnector [false], useOpenSSL [true]
2024-01-05 20:48:55 -OpenSSL successfully initialized [OpenSSL 1.0.2m  2 Nov 2017]
2024-01-05 20:48:55 -Initializing Spring embedded WebApplicationContext
2024-01-05 20:48:55 -Root WebApplicationContext: initialization completed in 2928 ms
2024-01-05 20:48:56 -OpenSSL successfully initialized [OpenSSL 1.0.2m  2 Nov 2017]
2024-01-05 20:48:56 -Initializing Spring embedded WebApplicationContext
2024-01-05 20:48:56 -Root WebApplicationContext: initialization completed in 2265 ms
2024-01-05 20:48:59 -Initializing ExecutorService 'applicationTaskExecutor'
2024-01-05 20:48:59 -Initializing ExecutorService 'applicationTaskExecutor'
2024-01-05 20:48:59 -Starting ProtocolHandler ["http-nio-8989"]
2024-01-05 20:48:59 -Tomcat started on port(s): 8989 (http) with context path ''
2024-01-05 20:48:59 -Started AppServiceApplication in 7.513 seconds (JVM running for 10.392)
2024-01-05 20:48:59 -Starting ProtocolHandler ["http-nio-8989"]
2024-01-05 20:48:59 -Exception encountered during context initialization - cancelling refresh attempt: org.springframework.context.ApplicationContextException: Failed to start bean 'webServerStartStop'; nested exception is org.springframework.boot.web.server.PortInUseException: Port 8989 is already in use
2024-01-05 20:48:59 -Shutting down ExecutorService 'applicationTaskExecutor'
2024-01-05 20:48:59 -Pausing ProtocolHandler ["http-nio-8989"]
2024-01-05 20:48:59 -Stopping service [Tomcat]
2024-01-05 20:48:59 -Stopping ProtocolHandler ["http-nio-8989"]
2024-01-05 20:48:59 -Destroying ProtocolHandler ["http-nio-8989"]
2024-01-05 20:48:59 -

Error starting ApplicationContext. To display the conditions report re-run your application with 'debug' enabled.
2024-01-05 20:48:59 -

***************************
APPLICATION FAILED TO START
***************************

Description:

Web server failed to start. Port 8989 was already in use.

Action:

Identify and stop the process that's listening on port 8989 or configure this application to listen on another port.

2024-01-05 20:49:20 -Shutting down ExecutorService 'applicationTaskExecutor'
2024-01-05 20:49:26 -Starting AppServiceApplication on hcj with PID 27916 (D:\Idea\InstantMessagingSystem\l-im-app-server\target\classes started by hcj in D:\Idea\InstantMessagingSystem\l-im-app-server)
2024-01-05 20:49:26 -The following profiles are active: dev
2024-01-05 20:49:27 -Tomcat initialized with port(s): 8989 (http)
2024-01-05 20:49:27 -Initializing ProtocolHandler ["http-nio-8989"]
2024-01-05 20:49:27 -Starting service [Tomcat]
2024-01-05 20:49:27 -Starting Servlet engine: [Apache Tomcat/9.0.37]
2024-01-05 20:49:27 -An older version [1.2.16] of the Apache Tomcat Native library is installed, while Tomcat recommends a minimum version of [1.2.23]
2024-01-05 20:49:27 -Loaded Apache Tomcat Native library [1.2.16] using APR version [1.6.3].
2024-01-05 20:49:27 -APR capabilities: IPv6 [true], sendfile [true], accept filters [false], random [true].
2024-01-05 20:49:27 -APR/OpenSSL configuration: useAprConnector [false], useOpenSSL [true]
2024-01-05 20:49:28 -OpenSSL successfully initialized [OpenSSL 1.0.2m  2 Nov 2017]
2024-01-05 20:49:28 -Initializing Spring embedded WebApplicationContext
2024-01-05 20:49:28 -Root WebApplicationContext: initialization completed in 1801 ms
2024-01-05 20:49:30 -Initializing ExecutorService 'applicationTaskExecutor'
2024-01-05 20:49:30 -Starting ProtocolHandler ["http-nio-8989"]
2024-01-05 20:49:30 -Tomcat started on port(s): 8989 (http) with context path ''
2024-01-05 20:49:30 -Started AppServiceApplication in 4.126 seconds (JVM running for 5.122)
